Id:         1
Winner:     44072
Target:     00000000
Solution:   08916551 (rejected)
Votes:      1/1
Wallets:    44072:1

Id:         2
Winner:     44072
Target:     08916551
Solution:   05970796 (validated)
Votes:      2/2
Wallets:    44072:2

Id:         3
Winner:     44072
Target:     05970796
Solution:   00937352 (validated)
Votes:      3/3
Wallets:    44072:3

Id:         4
Winner:     44072
Target:     00937352
Solution:   01835314 (validated)
Votes:      4/4
Wallets:    44072:4

Id:         5
Winner:     44072
Target:     01835314
Solution:   09331340 (validated)
Votes:      5/5
Wallets:    44072:5

